[2018-12-02 15:08:33] local.INFO: Cache : {"location":false,"keyword":false,"email":false,"awaiting_email_response":false,"awaiting_email_validation":false,"awaiting_whatsapp_response":false,"awaiting_whatsapp_validation":false,"awaiting_telegram_response":false,"awaiting_telegram_validation":false}  
[2018-12-02 15:08:33] local.INFO: Found keyword driving and oyo  
[2018-12-02 15:08:40] local.INFO: Cache : {"location":"oyo","keyword":"driving","email":false,"awaiting_email_response":true,"awaiting_email_validation":false,"awaiting_whatsapp_response":false,"awaiting_whatsapp_validation":false,"awaiting_telegram_response":false,"awaiting_telegram_validation":false}  
[2018-12-02 15:08:42] local.INFO: Cache : {"location":"oyo","keyword":"driving","email":"adeademi@gmail.com","awaiting_email_response":false,"awaiting_email_validation":true,"awaiting_whatsapp_response":false,"awaiting_whatsapp_validation":false,"awaiting_telegram_response":false,"awaiting_telegram_validation":false}  
[2018-12-02 15:08:46] local.INFO: Cache : {"location":"oyo","keyword":"driving","email":"adeademi@gmail.com","awaiting_email_response":false,"awaiting_email_validation":true,"awaiting_whatsapp_response":false,"awaiting_whatsapp_validation":false,"awaiting_telegram_response":false,"awaiting_telegram_validation":false}  
[2018-12-02 15:10:10] local.INFO: Cache : {"location":false,"keyword":false,"email":false,"awaiting_email_response":false,"awaiting_email_validation":false,"awaiting_whatsapp_response":false,"awaiting_whatsapp_validation":false,"awaiting_telegram_response":false,"awaiting_telegram_validation":false}  
[2018-12-02 15:10:10] local.INFO: Found keyword driving and oyo  
[2018-12-02 15:10:15] local.INFO: Cache : {"location":"oyo","keyword":"driving","email":false,"awaiting_email_response":true,"awaiting_email_validation":false,"awaiting_whatsapp_response":false,"awaiting_whatsapp_validation":false,"awaiting_telegram_response":false,"awaiting_telegram_validation":false}  
[2018-12-02 15:10:16] local.INFO: Cache : {"location":"oyo","keyword":"driving","email":"adeademi@gmail.com","awaiting_email_response":false,"awaiting_email_validation":true,"awaiting_whatsapp_response":false,"awaiting_whatsapp_validation":false,"awaiting_telegram_response":false,"awaiting_telegram_validation":false}  
[2018-12-02 15:10:21] local.INFO: Cache : {"location":"oyo","keyword":"driving","email":"adeademi@gmail.com","awaiting_email_response":false,"awaiting_email_validation":false,"awaiting_whatsapp_response":true,"awaiting_whatsapp_validation":false,"awaiting_telegram_response":false,"awaiting_telegram_validation":false}  
[2018-12-02 15:10:23] local.INFO: Cache : {"location":"oyo","keyword":"driving","email":"adeademi@gmail.com","awaiting_email_response":false,"awaiting_email_validation":false,"awaiting_whatsapp_response":false,"awaiting_whatsapp_validation":true,"awaiting_telegram_response":false,"awaiting_telegram_validation":false,"whatsapp":"08135087966"}  
[2018-12-02 15:10:30] local.INFO: Cache : {"location":"oyo","keyword":"driving","email":"adeademi@gmail.com","awaiting_email_response":false,"awaiting_email_validation":false,"awaiting_whatsapp_response":false,"awaiting_whatsapp_validation":false,"awaiting_telegram_response":true,"awaiting_telegram_validation":false,"whatsapp":"08135087966"}  
[2018-12-02 15:10:33] local.INFO: Cache : {"location":"oyo","keyword":"driving","email":"adeademi@gmail.com","awaiting_email_response":false,"awaiting_email_validation":false,"awaiting_whatsapp_response":false,"awaiting_whatsapp_validation":false,"awaiting_telegram_response":false,"awaiting_telegram_validation":true,"whatsapp":"08135087966","telegram":"08022334455"}  
[2018-12-02 15:10:37] local.INFO: Cache : {"location":"oyo","keyword":"driving","email":"adeademi@gmail.com","awaiting_email_response":false,"awaiting_email_validation":false,"awaiting_whatsapp_response":false,"awaiting_whatsapp_validation":false,"awaiting_telegram_response":false,"awaiting_telegram_validation":true,"whatsapp":"08135087966","telegram":"08022334455"}  
[2018-12-02 15:10:55] local.INFO: Cache : {"location":false,"keyword":false,"email":false,"awaiting_email_response":false,"awaiting_email_validation":false,"awaiting_whatsapp_response":false,"awaiting_whatsapp_validation":false,"awaiting_telegram_response":false,"awaiting_telegram_validation":false}  
[2018-12-02 16:42:15] local.INFO: Cache : {"location":false,"keyword":false,"email":false,"awaiting_email_response":false,"awaiting_email_validation":false,"awaiting_whatsapp_response":false,"awaiting_whatsapp_validation":false,"awaiting_telegram_response":false,"awaiting_telegram_validation":false}  
[2018-12-02 16:42:21] local.INFO: Cache : {"location":false,"keyword":false,"email":false,"awaiting_email_response":false,"awaiting_email_validation":false,"awaiting_whatsapp_response":false,"awaiting_whatsapp_validation":false,"awaiting_telegram_response":false,"awaiting_telegram_validation":false}  
[2018-12-02 16:42:25] local.ERROR: cURL error 77: error setting certificate verify locations:
  CAfile: C:\laragon\etc\ssl\cacert.pem
  CApath: none (see http://curl.haxx.se/libcurl/c/libcurl-errors.html) {"exception":"[object] (ErrorException(code: 0): cURL error 77: error setting certificate verify locations:
  CAfile: C:\\laragon\\etc\\ssl\\cacert.pem
  CApath: none (see http://curl.haxx.se/libcurl/c/libcurl-errors.html) at C:\\laragon\\www\\sadebot\\vendor\\stichoza\\google-translate-php\\src\\Stichoza\\GoogleTranslate\\TranslateClient.php:324)
[stacktrace]
#0 C:\\laragon\\www\\sadebot\\vendor\\stichoza\\google-translate-php\\src\\Stichoza\\GoogleTranslate\\TranslateClient.php(361): Stichoza\\GoogleTranslate\\TranslateClient->getResponse('Hello World!')
#1 C:\\laragon\\www\\sadebot\\vendor\\stichoza\\google-translate-php\\src\\Stichoza\\GoogleTranslate\\TranslateClient.php(185): Stichoza\\GoogleTranslate\\TranslateClient->instanceTranslate('Hello World!')
#2 C:\\laragon\\www\\sadebot\\app\\Http\\Controllers\\BotController.php(191): Stichoza\\GoogleTranslate\\TranslateClient->__call('translate', Array)
#3 [internal function]: App\\Http\\Controllers\\BotController->processChat(Object(Illuminate\\Http\\Request))
#4 C:\\laragon\\www\\sadebot\\vendor\\laravel\\framework\\src\\Illuminate\\Routing\\Controller.php(54): call_user_func_array(Array, Array)
#5 C:\\laragon\\www\\sadebot\\vendor\\laravel\\framework\\src\\Illuminate\\Routing\\ControllerDispatcher.php(45): Illuminate\\Routing\\Controller->callAction('processChat', Array)
#6 C:\\laragon\\www\\sadebot\\vendor\\laravel\\framework\\src\\Illuminate\\Routing\\Route.php(212): Illuminate\\Routing\\ControllerDispatcher->dispatch(Object(Illuminate\\Routing\\Route), Object(App\\Http\\Controllers\\BotController), 'processChat')
#7 C:\\laragon\\www\\sadebot\\vendor\\laravel\\framework\\src\\Illuminate\\Routing\\Route.php(169): Illuminate\\Routing\\Route->runController()
#8 C:\\laragon\\www\\sadebot\\vendor\\laravel\\framework\\src\\Illuminate\\Routing\\Router.php(679): Illuminate\\Routing\\Route->run()
#9 C:\\laragon\\www\\sadebot\\vendor\\laravel\\framework\\src\\Illuminate\\Routing\\Pipeline.php(30): Illuminate\\Routing\\Router->Illuminate\\Routing\\{closure}(Object(Illuminate\\Http\\Request))
#10 C:\\laragon\\www\\sadebot\\app\\Http\\Middleware\\AppAuthentication.php(31): Illuminate\\Routing\\Pipeline->Illuminate\\Routing\\{closure}(Object(Illuminate\\Http\\Request))
#11 C:\\laragon\\www\\sadebot\\vendor\\laravel\\framework\\src\\Illuminate\\Pipeline\\Pipeline.php(151): App\\Http\\Middleware\\AppAuthentication->handle(Object(Illuminate\\Http\\Request), Object(Closure))
#12 C:\\laragon\\www\\sadebot\\vendor\\laravel\\framework\\src\\Illuminate\\Routing\\Pipeline.php(53): Illuminate\\Pipeline\\Pipeline->Illuminate\\Pipeline\\{closure}(Object(Illuminate\\Http\\Request))
#13 C:\\laragon\\www\\sadebot\\vendor\\laravel\\framework\\src\\Illuminate\\Routing\\Middleware\\SubstituteBindings.php(41): Illuminate\\Routing\\Pipeline->Illuminate\\Routing\\{closure}(Object(Illuminate\\Http\\Request))
#14 C:\\laragon\\www\\sadebot\\vendor\\laravel\\framework\\src\\Illuminate\\Pipeline\\Pipeline.php(151): Illuminate\\Routing\\Middleware\\SubstituteBindings->handle(Object(Illuminate\\Http\\Request), Object(Closure))
#15 C:\\laragon\\www\\sadebot\\vendor\\laravel\\framework\\src\\Illuminate\\Routing\\Pipeline.php(53): Illuminate\\Pipeline\\Pipeline->Illuminate\\Pipeline\\{closure}(Object(Illuminate\\Http\\Request))
#16 C:\\laragon\\www\\sadebot\\vendor\\laravel\\framework\\src\\Illuminate\\Routing\\Middleware\\ThrottleRequests.php(58): Illuminate\\Routing\\Pipeline->Illuminate\\Routing\\{closure}(Object(Illuminate\\Http\\Request))
#17 C:\\laragon\\www\\sadebot\\vendor\\laravel\\framework\\src\\Illuminate\\Pipeline\\Pipeline.php(151): Illuminate\\Routing\\Middleware\\ThrottleRequests->handle(Object(Illuminate\\Http\\Request), Object(Closure), 60, '1')
#18 C:\\laragon\\www\\sadebot\\vendor\\laravel\\framework\\src\\Illuminate\\Routing\\Pipeline.php(53): Illuminate\\Pipeline\\Pipeline->Illuminate\\Pipeline\\{closure}(Object(Illuminate\\Http\\Request))
#19 C:\\laragon\\www\\sadebot\\vendor\\laravel\\framework\\src\\Illuminate\\Pipeline\\Pipeline.php(104): Illuminate\\Routing\\Pipeline->Illuminate\\Routing\\{closure}(Object(Illuminate\\Http\\Request))
#20 C:\\laragon\\www\\sadebot\\vendor\\laravel\\framework\\src\\Illuminate\\Routing\\Router.php(681): Illuminate\\Pipeline\\Pipeline->then(Object(Closure))
#21 C:\\laragon\\www\\sadebot\\vendor\\laravel\\framework\\src\\Illuminate\\Routing\\Router.php(656): Illuminate\\Routing\\Router->runRouteWithinStack(Object(Illuminate\\Routing\\Route), Object(Illuminate\\Http\\Request))
#22 C:\\laragon\\www\\sadebot\\vendor\\laravel\\framework\\src\\Illuminate\\Routing\\Router.php(622): Illuminate\\Routing\\Router->runRoute(Object(Illuminate\\Http\\Request), Object(Illuminate\\Routing\\Route))
#23 C:\\laragon\\www\\sadebot\\vendor\\laravel\\framework\\src\\Illuminate\\Routing\\Router.php(611): Illuminate\\Routing\\Router->dispatchToRoute(Object(Illuminate\\Http\\Request))
#24 C:\\laragon\\www\\sadebot\\vendor\\laravel\\framework\\src\\Illuminate\\Foundation\\Http\\Kernel.php(176): Illuminate\\Routing\\Router->dispatch(Object(Illuminate\\Http\\Request))
#25 C:\\laragon\\www\\sadebot\\vendor\\laravel\\framework\\src\\Illuminate\\Routing\\Pipeline.php(30): Illuminate\\Foundation\\Http\\Kernel->Illuminate\\Foundation\\Http\\{closure}(Object(Illuminate\\Http\\Request))
#26 C:\\laragon\\www\\sadebot\\vendor\\fideloper\\proxy\\src\\TrustProxies.php(57): Illuminate\\Routing\\Pipeline->Illuminate\\Routing\\{closure}(Object(Illuminate\\Http\\Request))
#27 C:\\laragon\\www\\sadebot\\vendor\\laravel\\framework\\src\\Illuminate\\Pipeline\\Pipeline.php(151): Fideloper\\Proxy\\TrustProxies->handle(Object(Illuminate\\Http\\Request), Object(Closure))
#28 C:\\laragon\\www\\sadebot\\vendor\\laravel\\framework\\src\\Illuminate\\Routing\\Pipeline.php(53): Illuminate\\Pipeline\\Pipeline->Illuminate\\Pipeline\\{closure}(Object(Illuminate\\Http\\Request))
#29 C:\\laragon\\www\\sadebot\\vendor\\laravel\\framework\\src\\Illuminate\\Foundation\\Http\\Middleware\\TransformsRequest.php(31): Illuminate\\Routing\\Pipeline->Illuminate\\Routing\\{closure}(Object(Illuminate\\Http\\Request))
#30 C:\\laragon\\www\\sadebot\\vendor\\laravel\\framework\\src\\Illuminate\\Pipeline\\Pipeline.php(151): Illuminate\\Foundation\\Http\\Middleware\\TransformsRequest->handle(Object(Illuminate\\Http\\Request), Object(Closure))
#31 C:\\laragon\\www\\sadebot\\vendor\\laravel\\framework\\src\\Illuminate\\Routing\\Pipeline.php(53): Illuminate\\Pipeline\\Pipeline->Illuminate\\Pipeline\\{closure}(Object(Illuminate\\Http\\Request))
#32 C:\\laragon\\www\\sadebot\\vendor\\laravel\\framework\\src\\Illuminate\\Foundation\\Http\\Middleware\\TransformsRequest.php(31): Illuminate\\Routing\\Pipeline->Illuminate\\Routing\\{closure}(Object(Illuminate\\Http\\Request))
#33 C:\\laragon\\www\\sadebot\\vendor\\laravel\\framework\\src\\Illuminate\\Pipeline\\Pipeline.php(151): Illuminate\\Foundation\\Http\\Middleware\\TransformsRequest->handle(Object(Illuminate\\Http\\Request), Object(Closure))
#34 C:\\laragon\\www\\sadebot\\vendor\\laravel\\framework\\src\\Illuminate\\Routing\\Pipeline.php(53): Illuminate\\Pipeline\\Pipeline->Illuminate\\Pipeline\\{closure}(Object(Illuminate\\Http\\Request))
#35 C:\\laragon\\www\\sadebot\\vendor\\laravel\\framework\\src\\Illuminate\\Foundation\\Http\\Middleware\\ValidatePostSize.php(27): Illuminate\\Routing\\Pipeline->Illuminate\\Routing\\{closure}(Object(Illuminate\\Http\\Request))
#36 C:\\laragon\\www\\sadebot\\vendor\\laravel\\framework\\src\\Illuminate\\Pipeline\\Pipeline.php(151): Illuminate\\Foundation\\Http\\Middleware\\ValidatePostSize->handle(Object(Illuminate\\Http\\Request), Object(Closure))
#37 C:\\laragon\\www\\sadebot\\vendor\\laravel\\framework\\src\\Illuminate\\Routing\\Pipeline.php(53): Illuminate\\Pipeline\\Pipeline->Illuminate\\Pipeline\\{closure}(Object(Illuminate\\Http\\Request))
#38 C:\\laragon\\www\\sadebot\\vendor\\laravel\\framework\\src\\Illuminate\\Foundation\\Http\\Middleware\\CheckForMaintenanceMode.php(62): Illuminate\\Routing\\Pipeline->Illuminate\\Routing\\{closure}(Object(Illuminate\\Http\\Request))
#39 C:\\laragon\\www\\sadebot\\vendor\\laravel\\framework\\src\\Illuminate\\Pipeline\\Pipeline.php(151): Illuminate\\Foundation\\Http\\Middleware\\CheckForMaintenanceMode->handle(Object(Illuminate\\Http\\Request), Object(Closure))
#40 C:\\laragon\\www\\sadebot\\vendor\\laravel\\framework\\src\\Illuminate\\Routing\\Pipeline.php(53): Illuminate\\Pipeline\\Pipeline->Illuminate\\Pipeline\\{closure}(Object(Illuminate\\Http\\Request))
#41 C:\\laragon\\www\\sadebot\\vendor\\laravel\\framework\\src\\Illuminate\\Pipeline\\Pipeline.php(104): Illuminate\\Routing\\Pipeline->Illuminate\\Routing\\{closure}(Object(Illuminate\\Http\\Request))
#42 C:\\laragon\\www\\sadebot\\vendor\\laravel\\framework\\src\\Illuminate\\Foundation\\Http\\Kernel.php(151): Illuminate\\Pipeline\\Pipeline->then(Object(Closure))
#43 C:\\laragon\\www\\sadebot\\vendor\\laravel\\framework\\src\\Illuminate\\Foundation\\Http\\Kernel.php(116): Illuminate\\Foundation\\Http\\Kernel->sendRequestThroughRouter(Object(Illuminate\\Http\\Request))
#44 C:\\laragon\\www\\sadebot\\public\\index.php(55): Illuminate\\Foundation\\Http\\Kernel->handle(Object(Illuminate\\Http\\Request))
#45 {main}
"} 
[2018-12-02 16:42:52] local.INFO: Cache : {"location":false,"keyword":false,"email":false,"awaiting_email_response":false,"awaiting_email_validation":false,"awaiting_whatsapp_response":false,"awaiting_whatsapp_validation":false,"awaiting_telegram_response":false,"awaiting_telegram_validation":false}  
[2018-12-02 16:42:55] local.INFO: Cache : {"location":false,"keyword":false,"email":false,"awaiting_email_response":false,"awaiting_email_validation":false,"awaiting_whatsapp_response":false,"awaiting_whatsapp_validation":false,"awaiting_telegram_response":false,"awaiting_telegram_validation":false}  
[2018-12-02 16:42:58] local.ERROR: cURL error 77: error setting certificate verify locations:
  CAfile: C:\laragon\etc\ssl\cacert.pem
  CApath: none (see http://curl.haxx.se/libcurl/c/libcurl-errors.html) {"exception":"[object] (ErrorException(code: 0): cURL error 77: error setting certificate verify locations:
  CAfile: C:\\laragon\\etc\\ssl\\cacert.pem
  CApath: none (see http://curl.haxx.se/libcurl/c/libcurl-errors.html) at C:\\laragon\\www\\sadebot\\vendor\\stichoza\\google-translate-php\\src\\Stichoza\\GoogleTranslate\\TranslateClient.php:324)
[stacktrace]
#0 C:\\laragon\\www\\sadebot\\vendor\\stichoza\\google-translate-php\\src\\Stichoza\\GoogleTranslate\\TranslateClient.php(361): Stichoza\\GoogleTranslate\\TranslateClient->getResponse('Hello World!')
#1 C:\\laragon\\www\\sadebot\\vendor\\stichoza\\google-translate-php\\src\\Stichoza\\GoogleTranslate\\TranslateClient.php(185): Stichoza\\GoogleTranslate\\TranslateClient->instanceTranslate('Hello World!')
#2 C:\\laragon\\www\\sadebot\\app\\Http\\Controllers\\BotController.php(191): Stichoza\\GoogleTranslate\\TranslateClient->__call('translate', Array)
#3 [internal function]: App\\Http\\Controllers\\BotController->processChat(Object(Illuminate\\Http\\Request))
#4 C:\\laragon\\www\\sadebot\\vendor\\laravel\\framework\\src\\Illuminate\\Routing\\Controller.php(54): call_user_func_array(Array, Array)
#5 C:\\laragon\\www\\sadebot\\vendor\\laravel\\framework\\src\\Illuminate\\Routing\\ControllerDispatcher.php(45): Illuminate\\Routing\\Controller->callAction('processChat', Array)
#6 C:\\laragon\\www\\sadebot\\vendor\\laravel\\framework\\src\\Illuminate\\Routing\\Route.php(212): Illuminate\\Routing\\ControllerDispatcher->dispatch(Object(Illuminate\\Routing\\Route), Object(App\\Http\\Controllers\\BotController), 'processChat')
#7 C:\\laragon\\www\\sadebot\\vendor\\laravel\\framework\\src\\Illuminate\\Routing\\Route.php(169): Illuminate\\Routing\\Route->runController()
#8 C:\\laragon\\www\\sadebot\\vendor\\laravel\\framework\\src\\Illuminate\\Routing\\Router.php(679): Illuminate\\Routing\\Route->run()
#9 C:\\laragon\\www\\sadebot\\vendor\\laravel\\framework\\src\\Illuminate\\Routing\\Pipeline.php(30): Illuminate\\Routing\\Router->Illuminate\\Routing\\{closure}(Object(Illuminate\\Http\\Request))
#10 C:\\laragon\\www\\sadebot\\app\\Http\\Middleware\\AppAuthentication.php(31): Illuminate\\Routing\\Pipeline->Illuminate\\Routing\\{closure}(Object(Illuminate\\Http\\Request))
#11 C:\\laragon\\www\\sadebot\\vendor\\laravel\\framework\\src\\Illuminate\\Pipeline\\Pipeline.php(151): App\\Http\\Middleware\\AppAuthentication->handle(Object(Illuminate\\Http\\Request), Object(Closure))
#12 C:\\laragon\\www\\sadebot\\vendor\\laravel\\framework\\src\\Illuminate\\Routing\\Pipeline.php(53): Illuminate\\Pipeline\\Pipeline->Illuminate\\Pipeline\\{closure}(Object(Illuminate\\Http\\Request))
#13 C:\\laragon\\www\\sadebot\\vendor\\laravel\\framework\\src\\Illuminate\\Routing\\Middleware\\SubstituteBindings.php(41): Illuminate\\Routing\\Pipeline->Illuminate\\Routing\\{closure}(Object(Illuminate\\Http\\Request))
#14 C:\\laragon\\www\\sadebot\\vendor\\laravel\\framework\\src\\Illuminate\\Pipeline\\Pipeline.php(151): Illuminate\\Routing\\Middleware\\SubstituteBindings->handle(Object(Illuminate\\Http\\Request), Object(Closure))
#15 C:\\laragon\\www\\sadebot\\vendor\\laravel\\framework\\src\\Illuminate\\Routing\\Pipeline.php(53): Illuminate\\Pipeline\\Pipeline->Illuminate\\Pipeline\\{closure}(Object(Illuminate\\Http\\Request))
#16 C:\\laragon\\www\\sadebot\\vendor\\laravel\\framework\\src\\Illuminate\\Routing\\Middleware\\ThrottleRequests.php(58): Illuminate\\Routing\\Pipeline->Illuminate\\Routing\\{closure}(Object(Illuminate\\Http\\Request))
#17 C:\\laragon\\www\\sadebot\\vendor\\laravel\\framework\\src\\Illuminate\\Pipeline\\Pipeline.php(151): Illuminate\\Routing\\Middleware\\ThrottleRequests->handle(Object(Illuminate\\Http\\Request), Object(Closure), 60, '1')
#18 C:\\laragon\\www\\sadebot\\vendor\\laravel\\framework\\src\\Illuminate\\Routing\\Pipeline.php(53): Illuminate\\Pipeline\\Pipeline->Illuminate\\Pipeline\\{closure}(Object(Illuminate\\Http\\Request))
#19 C:\\laragon\\www\\sadebot\\vendor\\laravel\\framework\\src\\Illuminate\\Pipeline\\Pipeline.php(104): Illuminate\\Routing\\Pipeline->Illuminate\\Routing\\{closure}(Object(Illuminate\\Http\\Request))
#20 C:\\laragon\\www\\sadebot\\vendor\\laravel\\framework\\src\\Illuminate\\Routing\\Router.php(681): Illuminate\\Pipeline\\Pipeline->then(Object(Closure))
#21 C:\\laragon\\www\\sadebot\\vendor\\laravel\\framework\\src\\Illuminate\\Routing\\Router.php(656): Illuminate\\Routing\\Router->runRouteWithinStack(Object(Illuminate\\Routing\\Route), Object(Illuminate\\Http\\Request))
#22 C:\\laragon\\www\\sadebot\\vendor\\laravel\\framework\\src\\Illuminate\\Routing\\Router.php(622): Illuminate\\Routing\\Router->runRoute(Object(Illuminate\\Http\\Request), Object(Illuminate\\Routing\\Route))
#23 C:\\laragon\\www\\sadebot\\vendor\\laravel\\framework\\src\\Illuminate\\Routing\\Router.php(611): Illuminate\\Routing\\Router->dispatchToRoute(Object(Illuminate\\Http\\Request))
#24 C:\\laragon\\www\\sadebot\\vendor\\laravel\\framework\\src\\Illuminate\\Foundation\\Http\\Kernel.php(176): Illuminate\\Routing\\Router->dispatch(Object(Illuminate\\Http\\Request))
#25 C:\\laragon\\www\\sadebot\\vendor\\laravel\\framework\\src\\Illuminate\\Routing\\Pipeline.php(30): Illuminate\\Foundation\\Http\\Kernel->Illuminate\\Foundation\\Http\\{closure}(Object(Illuminate\\Http\\Request))
#26 C:\\laragon\\www\\sadebot\\vendor\\fideloper\\proxy\\src\\TrustProxies.php(57): Illuminate\\Routing\\Pipeline->Illuminate\\Routing\\{closure}(Object(Illuminate\\Http\\Request))
#27 C:\\laragon\\www\\sadebot\\vendor\\laravel\\framework\\src\\Illuminate\\Pipeline\\Pipeline.php(151): Fideloper\\Proxy\\TrustProxies->handle(Object(Illuminate\\Http\\Request), Object(Closure))
#28 C:\\laragon\\www\\sadebot\\vendor\\laravel\\framework\\src\\Illuminate\\Routing\\Pipeline.php(53): Illuminate\\Pipeline\\Pipeline->Illuminate\\Pipeline\\{closure}(Object(Illuminate\\Http\\Request))
#29 C:\\laragon\\www\\sadebot\\vendor\\laravel\\framework\\src\\Illuminate\\Foundation\\Http\\Middleware\\TransformsRequest.php(31): Illuminate\\Routing\\Pipeline->Illuminate\\Routing\\{closure}(Object(Illuminate\\Http\\Request))
#30 C:\\laragon\\www\\sadebot\\vendor\\laravel\\framework\\src\\Illuminate\\Pipeline\\Pipeline.php(151): Illuminate\\Foundation\\Http\\Middleware\\TransformsRequest->handle(Object(Illuminate\\Http\\Request), Object(Closure))
#31 C:\\laragon\\www\\sadebot\\vendor\\laravel\\framework\\src\\Illuminate\\Routing\\Pipeline.php(53): Illuminate\\Pipeline\\Pipeline->Illuminate\\Pipeline\\{closure}(Object(Illuminate\\Http\\Request))
#32 C:\\laragon\\www\\sadebot\\vendor\\laravel\\framework\\src\\Illuminate\\Foundation\\Http\\Middleware\\TransformsRequest.php(31): Illuminate\\Routing\\Pipeline->Illuminate\\Routing\\{closure}(Object(Illuminate\\Http\\Request))
#33 C:\\laragon\\www\\sadebot\\vendor\\laravel\\framework\\src\\Illuminate\\Pipeline\\Pipeline.php(151): Illuminate\\Foundation\\Http\\Middleware\\TransformsRequest->handle(Object(Illuminate\\Http\\Request), Object(Closure))
#34 C:\\laragon\\www\\sadebot\\vendor\\laravel\\framework\\src\\Illuminate\\Routing\\Pipeline.php(53): Illuminate\\Pipeline\\Pipeline->Illuminate\\Pipeline\\{closure}(Object(Illuminate\\Http\\Request))
#35 C:\\laragon\\www\\sadebot\\vendor\\laravel\\framework\\src\\Illuminate\\Foundation\\Http\\Middleware\\ValidatePostSize.php(27): Illuminate\\Routing\\Pipeline->Illuminate\\Routing\\{closure}(Object(Illuminate\\Http\\Request))
#36 C:\\laragon\\www\\sadebot\\vendor\\laravel\\framework\\src\\Illuminate\\Pipeline\\Pipeline.php(151): Illuminate\\Foundation\\Http\\Middleware\\ValidatePostSize->handle(Object(Illuminate\\Http\\Request), Object(Closure))
#37 C:\\laragon\\www\\sadebot\\vendor\\laravel\\framework\\src\\Illuminate\\Routing\\Pipeline.php(53): Illuminate\\Pipeline\\Pipeline->Illuminate\\Pipeline\\{closure}(Object(Illuminate\\Http\\Request))
#38 C:\\laragon\\www\\sadebot\\vendor\\laravel\\framework\\src\\Illuminate\\Foundation\\Http\\Middleware\\CheckForMaintenanceMode.php(62): Illuminate\\Routing\\Pipeline->Illuminate\\Routing\\{closure}(Object(Illuminate\\Http\\Request))
#39 C:\\laragon\\www\\sadebot\\vendor\\laravel\\framework\\src\\Illuminate\\Pipeline\\Pipeline.php(151): Illuminate\\Foundation\\Http\\Middleware\\CheckForMaintenanceMode->handle(Object(Illuminate\\Http\\Request), Object(Closure))
#40 C:\\laragon\\www\\sadebot\\vendor\\laravel\\framework\\src\\Illuminate\\Routing\\Pipeline.php(53): Illuminate\\Pipeline\\Pipeline->Illuminate\\Pipeline\\{closure}(Object(Illuminate\\Http\\Request))
#41 C:\\laragon\\www\\sadebot\\vendor\\laravel\\framework\\src\\Illuminate\\Pipeline\\Pipeline.php(104): Illuminate\\Routing\\Pipeline->Illuminate\\Routing\\{closure}(Object(Illuminate\\Http\\Request))
#42 C:\\laragon\\www\\sadebot\\vendor\\laravel\\framework\\src\\Illuminate\\Foundation\\Http\\Kernel.php(151): Illuminate\\Pipeline\\Pipeline->then(Object(Closure))
#43 C:\\laragon\\www\\sadebot\\vendor\\laravel\\framework\\src\\Illuminate\\Foundation\\Http\\Kernel.php(116): Illuminate\\Foundation\\Http\\Kernel->sendRequestThroughRouter(Object(Illuminate\\Http\\Request))
#44 C:\\laragon\\www\\sadebot\\public\\index.php(55): Illuminate\\Foundation\\Http\\Kernel->handle(Object(Illuminate\\Http\\Request))
#45 {main}
"} 
[2018-12-02 20:01:32] local.INFO: Cache : {"location":false,"keyword":false,"email":false,"awaiting_email_response":false,"awaiting_email_validation":false,"awaiting_whatsapp_response":false,"awaiting_whatsapp_validation":false,"awaiting_telegram_response":false,"awaiting_telegram_validation":false}  
